example/android/.build/outputs/logs/manifest-merger-debug-report.txt
-- Merging decision tree log ---
manifest
ADDED from AndroidManifest.xml:2:1
	package
		ADDED from AndroidManifest.xml:2:11
	android:versionName
		ADDED from AndroidManifest.xml:2:102
	android:versionCode
		ADDED from AndroidManifest.xml:2:128
		INJECTED from AndroidManifest.xml:0:0
		INJECTED from AndroidManifest.xml:0:0
	xmlns:android
		ADDED from AndroidManifest.xml:2:43
	android:installLocation
		ADDED from AndroidManifest.xml:2:152
application
ADDED from AndroidManifest.xml:3:5
MERGED from com.facebook.android:facebook-android-sdk:3.23.1:24:5
MERGED from com.android.support:support-v4:21.0.3:16:5
	android:label
		ADDED from AndroidManifest.xml:3:117
	android:hardwareAccelerated
		ADDED from AndroidManifest.xml:3:18
	android:name
		ADDED from AndroidManifest.xml:3:53
activity#org.qtproject.qt5.android.bindings.QtActivity
ADDED from AndroidManifest.xml:4:9
	android:screenOrientation
		ADDED from AndroidManifest.xml:4:276
	android:label
		ADDED from AndroidManifest.xml:4:234
	android:launchMode
		ADDED from AndroidManifest.xml:4:316
	android:configChanges
		ADDED from AndroidManifest.xml:4:19
	android:name
		ADDED from AndroidManifest.xml:4:173
intent-filter#android.intent.action.MAIN+android.intent.category.LAUNCHER
ADDED from AndroidManifest.xml:5:13
action#android.intent.action.MAIN
ADDED from AndroidManifest.xml:6:17
	android:name
		ADDED from AndroidManifest.xml:6:25
category#android.intent.category.LAUNCHER
ADDED from AndroidManifest.xml:7:17
	android:name
		ADDED from AndroidManifest.xml:7:27
meta-data#android.app.lib_name
ADDED from AndroidManifest.xml:9:13
	android:value
		ADDED from AndroidManifest.xml:9:60
	android:name
		ADDED from AndroidManifest.xml:9:24
meta-data#android.app.qt_sources_resource_id
ADDED from AndroidManifest.xml:10:13
	android:resource
		ADDED from AndroidManifest.xml:10:74
	android:name
		ADDED from AndroidManifest.xml:10:24
meta-data#android.app.repository
ADDED from AndroidManifest.xml:11:13
	android:value
		ADDED from AndroidManifest.xml:11:62
	android:name
		ADDED from AndroidManifest.xml:11:24
meta-data#android.app.qt_libs_resource_id
ADDED from AndroidManifest.xml:12:13
	android:resource
		ADDED from AndroidManifest.xml:12:71
	android:name
		ADDED from AndroidManifest.xml:12:24
meta-data#android.app.bundled_libs_resource_id
ADDED from AndroidManifest.xml:13:13
	android:resource
		ADDED from AndroidManifest.xml:13:76
	android:name
		ADDED from AndroidManifest.xml:13:24
meta-data#android.app.bundle_local_qt_libs
ADDED from AndroidManifest.xml:15:13
	android:value
		ADDED from AndroidManifest.xml:15:72
	android:name
		ADDED from AndroidManifest.xml:15:24
meta-data#android.app.bundled_in_lib_resource_id
ADDED from AndroidManifest.xml:16:13
	android:resource
		ADDED from AndroidManifest.xml:16:78
	android:name
		ADDED from AndroidManifest.xml:16:24
meta-data#android.app.bundled_in_assets_resource_id
ADDED from AndroidManifest.xml:17:13
	android:resource
		ADDED from AndroidManifest.xml:17:81
	android:name
		ADDED from AndroidManifest.xml:17:24
meta-data#android.app.use_local_qt_libs
ADDED from AndroidManifest.xml:19:13
	android:value
		ADDED from AndroidManifest.xml:19:69
	android:name
		ADDED from AndroidManifest.xml:19:24
meta-data#android.app.libs_prefix
ADDED from AndroidManifest.xml:20:13
	android:value
		ADDED from AndroidManifest.xml:20:63
	android:name
		ADDED from AndroidManifest.xml:20:24
meta-data#android.app.load_local_libs
ADDED from AndroidManifest.xml:21:13
	android:value
		ADDED from AndroidManifest.xml:21:67
	android:name
		ADDED from AndroidManifest.xml:21:24
meta-data#android.app.load_local_jars
ADDED from AndroidManifest.xml:22:13
	android:value
		ADDED from AndroidManifest.xml:22:67
	android:name
		ADDED from AndroidManifest.xml:22:24
meta-data#android.app.static_init_classes
ADDED from AndroidManifest.xml:23:13
	android:value
		ADDED from AndroidManifest.xml:23:71
	android:name
		ADDED from AndroidManifest.xml:23:24
meta-data#android.app.ministro_not_found_msg
ADDED from AndroidManifest.xml:25:13
	android:value
		ADDED from AndroidManifest.xml:25:24
	android:name
		ADDED from AndroidManifest.xml:25:71
meta-data#android.app.ministro_needed_msg
ADDED from AndroidManifest.xml:26:13
	android:value
		ADDED from AndroidManifest.xml:26:24
	android:name
		ADDED from AndroidManifest.xml:26:68
meta-data#android.app.fatal_error_msg
ADDED from AndroidManifest.xml:27:13
	android:value
		ADDED from AndroidManifest.xml:27:24
	android:name
		ADDED from AndroidManifest.xml:27:64
meta-data#android.app.background_running
ADDED from AndroidManifest.xml:41:13
	android:value
		ADDED from AndroidManifest.xml:41:70
	android:name
		ADDED from AndroidManifest.xml:41:24
meta-data#android.app.auto_screen_scale_factor
ADDED from AndroidManifest.xml:45:13
	android:value
		ADDED from AndroidManifest.xml:45:76
	android:name
		ADDED from AndroidManifest.xml:45:24
uses-sdk
ADDED from AndroidManifest.xml:49:5
MERGED from com.facebook.android:facebook-android-sdk:3.23.1:20:5
MERGED from com.android.support:support-v4:21.0.3:15:5
	android:targetSdkVersion
		ADDED from AndroidManifest.xml:49:41
	android:minSdkVersion
		ADDED from AndroidManifest.xml:49:15
supports-screens
ADDED from AndroidManifest.xml:50:5
	android:largeScreens
		ADDED from AndroidManifest.xml:50:23
	android:smallScreens
		ADDED from AndroidManifest.xml:50:106
	android:normalScreens
		ADDED from AndroidManifest.xml:50:51
	android:anyDensity
		ADDED from AndroidManifest.xml:50:80
uses-permission#android.permission.INTERNET
ADDED from AndroidManifest.xml:60:1
	android:name
		ADDED from AndroidManifest.xml:60:18